<?xml version="1.0" encoding="UTF-8"?>
<!-- Generated by org.testng.reporters.JUnitReportReporter -->
<testsuite hostname="LAPTOP-NDHGK5CL" failures="0" tests="2" name="com.stack.MainPageTest" time="0.938" errors="0" timestamp="14 Nov 2022 08:06:44 GMT" skipped="0">
  <testcase classname="com.stack.MainPageTest" name="verifyMainPageFunction" time="0.575"/>
  <testcase classname="com.stack.MainPageTest" name="verifyNeagtiveMainPageFunction" time="0.363"/>
</testsuite> <!-- com.stack.MainPageTest -->
