<?xml version="1.0" encoding="UTF-8"?>
<!-- Generated by org.testng.reporters.JUnitReportReporter -->
<testsuite hostname="LAPTOP-NDHGK5CL" failures="0" tests="1" name="FullStackLab.SignInPageTest" time="0.516" errors="0" timestamp="14 Nov 2022 07:46:32 GMT" skipped="0">
  <testcase classname="FullStackLab.SignInPageTest" name="verifySignInFunction" time="0.516"/>
</testsuite> <!-- FullStackLab.SignInPageTest -->
